
*** Running vivado
    with args -log design_main_c_counter_binary_0_0.vds -m64 -product Vivado -mode batch -messageDb vivado.pb -notrace -source design_main_c_counter_binary_0_0.tcl


****** Vivado v2018.1 (64-bit)
  **** SW Build 2188600 on Wed Apr  4 18:40:38 MDT 2018
  **** IP Build 2185939 on Wed Apr  4 20:55:05 MDT 2018
    ** Copyright 1986-2018 Xilinx, Inc. All Rights Reserved.

source design_main_c_counter_binary_0_0.tcl -notrace
Command: synth_design -top design_main_c_counter_binary_0_0 -part xc7a35tcpg236-1 -mode out_of_context
Starting synth_design
Attempting to get a license for feature 'Synthesis' and/or device 'xc7a35t'
INFO: [Common 17-349] Got license for feature 'Synthesis' and/or device 'xc7a35t'
INFO: Launching helper process for spawning children vivado processes
INFO: Helper process launched with PID 14216 
---------------------------------------------------------------------------------
Starting RTL Elaboration : Time (s): cpu = 00:00:13 ; elapsed = 00:00:15 . Memory (MB): peak = 391.539 ; gain = 99.023
---------------------------------------------------------------------------------
INFO: [Synth 8-638] synthesizing module 'design_main_c_counter_binary_0_0' [c:/Users/Kerem Gurler/EE_Project/EE_Project.srcs/sources_1/bd/design_main/ip/design_main_c_counter_binary_0_0/synth/design_main_c_counter_binary_0_0.vhd:68]
	Parameter C_IMPLEMENTATION bound to: 0 - type: integer 
	Parameter C_VERBOSITY bound to: 0 - type: integer 
	Parameter C_XDEVICEFAMILY bound to: artix7 - type: string 
	Parameter C_WIDTH bound to: 6 - type: integer 
	Parameter C_HAS_CE bound to: 0 - type: integer 
	Parameter C_HAS_SCLR bound to: 1 - type: integer 
	Parameter C_RESTRICT_COUNT bound to: 1 - type: integer 
	Parameter C_COUNT_TO bound to: 110000 - type: string 
	Parameter C_COUNT_BY bound to: 1 - type: string 
	Parameter C_COUNT_MODE bound to: 0 - type: integer 
	Parameter C_THRESH0_VALUE bound to: 110000 - type: string 
	Parameter C_CE_OVERRIDES_SYNC bound to: 0 - type: integer 
	Parameter C_HAS_THRESH0 bound to: 1 - type: integer 
	Parameter C_HAS_LOAD bound to: 0 - type: integer 
	Parameter C_LOAD_LOW bound to: 0 - type: integer 
	Parameter C_LATENCY bound to: 1 - type: integer 
	Parameter C_FB_LATENCY bound to: 0 - type: integer 
	Parameter C_AINIT_VAL bound to: 0 - type: string 
	Parameter C_SINIT_VAL bound to: 0 - type: string 
	Parameter C_SCLR_OVERRIDES_SSET bound to: 1 - type: integer 
	Parameter C_HAS_SSET bound to: 0 - type: integer 
	Parameter C_HAS_SINIT bound to: 0 - type: integer 
INFO: [Synth 8-3491] module 'c_counter_binary_v12_0_12' declared at 'c:/Users/Kerem Gurler/EE_Project/EE_Project.srcs/sources_1/bd/design_main/ipshared/c366/hdl/c_counter_binary_v12_0_vh_rfs.vhd:2130' bound to instance 'U0' of component 'c_counter_binary_v12_0_12' [c:/Users/Kerem Gurler/EE_Project/EE_Project.srcs/sources_1/bd/design_main/ip/design_main_c_counter_binary_0_0/synth/design_main_c_counter_binary_0_0.vhd:128]
INFO: [Synth 8-256] done synthesizing module 'design_main_c_counter_binary_0_0' (8#1) [c:/Users/Kerem Gurler/EE_Project/EE_Project.srcs/sources_1/bd/design_main/ip/design_main_c_counter_binary_0_0/synth/design_main_c_counter_binary_0_0.vhd:68]
WARNING: [Synth 8-3331] design c_reg_fd_v12_0_5_viv has unconnected port CE
WARNING: [Synth 8-3331] design c_reg_fd_v12_0_5_viv has unconnected port AINIT
WARNING: [Synth 8-3331] design c_reg_fd_v12_0_5_viv has unconnected port ACLR
WARNING: [Synth 8-3331] design c_reg_fd_v12_0_5_viv has unconnected port ASET
WARNING: [Synth 8-3331] design c_reg_fd_v12_0_5_viv has unconnected port SINIT
WARNING: [Synth 8-3331] design c_reg_fd_v12_0_5_viv has unconnected port SSET
WARNING: [Synth 8-3331] design c_addsub_v12_0_12_lut6_legacy has unconnected port b[5]
WARNING: [Synth 8-3331] design c_addsub_v12_0_12_lut6_legacy has unconnected port b[4]
WARNING: [Synth 8-3331] design c_addsub_v12_0_12_lut6_legacy has unconnected port b[3]
WARNING: [Synth 8-3331] design c_addsub_v12_0_12_lut6_legacy has unconnected port b[2]
WARNING: [Synth 8-3331] design c_addsub_v12_0_12_lut6_legacy has unconnected port b[1]
WARNING: [Synth 8-3331] design c_addsub_v12_0_12_lut6_legacy has unconnected port b[0]
WARNING: [Synth 8-3331] design c_addsub_v12_0_12_lut6_legacy has unconnected port add
WARNING: [Synth 8-3331] design c_addsub_v12_0_12_lut6_legacy has unconnected port c_in
WARNING: [Synth 8-3331] design c_addsub_v12_0_12_lut6_legacy has unconnected port ce
WARNING: [Synth 8-3331] design c_addsub_v12_0_12_lut6_legacy has unconnected port bypass
WARNING: [Synth 8-3331] design c_addsub_v12_0_12_lut6_legacy has unconnected port sset
WARNING: [Synth 8-3331] design c_addsub_v12_0_12_lut6_legacy has unconnected port sinit
WARNING: [Synth 8-3331] design c_addsub_v12_0_12_legacy has unconnected port c_in
WARNING: [Synth 8-3331] design c_addsub_v12_0_12_legacy has unconnected port b_in
WARNING: [Synth 8-3331] design c_addsub_v12_0_12_legacy has unconnected port a_signed
WARNING: [Synth 8-3331] design c_addsub_v12_0_12_legacy has unconnected port b_signed
WARNING: [Synth 8-3331] design c_counter_binary_v12_0_12_legacy has unconnected port up
WARNING: [Synth 8-3331] design c_counter_binary_v12_0_12_legacy has unconnected port ce
WARNING: [Synth 8-3331] design c_counter_binary_v12_0_12_legacy has unconnected port load
WARNING: [Synth 8-3331] design c_counter_binary_v12_0_12_legacy has unconnected port l[5]
WARNING: [Synth 8-3331] design c_counter_binary_v12_0_12_legacy has unconnected port l[4]
WARNING: [Synth 8-3331] design c_counter_binary_v12_0_12_legacy has unconnected port l[3]
WARNING: [Synth 8-3331] design c_counter_binary_v12_0_12_legacy has unconnected port l[2]
WARNING: [Synth 8-3331] design c_counter_binary_v12_0_12_legacy has unconnected port l[1]
WARNING: [Synth 8-3331] design c_counter_binary_v12_0_12_legacy has unconnected port l[0]
WARNING: [Synth 8-3331] design c_counter_binary_v12_0_12_legacy has unconnected port iv[5]
WARNING: [Synth 8-3331] design c_counter_binary_v12_0_12_legacy has unconnected port iv[4]
WARNING: [Synth 8-3331] design c_counter_binary_v12_0_12_legacy has unconnected port iv[3]
WARNING: [Synth 8-3331] design c_counter_binary_v12_0_12_legacy has unconnected port iv[2]
WARNING: [Synth 8-3331] design c_counter_binary_v12_0_12_legacy has unconnected port iv[1]
WARNING: [Synth 8-3331] design c_counter_binary_v12_0_12_legacy has unconnected port iv[0]
WARNING: [Synth 8-3331] design c_counter_binary_v12_0_12_legacy has unconnected port sset
WARNING: [Synth 8-3331] design c_counter_binary_v12_0_12_legacy has unconnected port sinit
---------------------------------------------------------------------------------
Finished RTL Elaboration : Time (s): cpu = 00:00:18 ; elapsed = 00:00:22 . Memory (MB): peak = 453.973 ; gain = 161.457
---------------------------------------------------------------------------------

Report Check Netlist: 
+------+------------------+-------+---------+-------+------------------+
|      |Item              |Errors |Warnings |Status |Description       |
+------+------------------+-------+---------+-------+------------------+
|1     |multi_driven_nets |      0|        0|Passed |Multi driven nets |
+------+------------------+-------+---------+-------+------------------+
---------------------------------------------------------------------------------
Start Handling Custom Attributes
---------------------------------------------------------------------------------
---------------------------------------------------------------------------------
Finished Handling Custom Attributes : Time (s): cpu = 00:00:18 ; elapsed = 00:00:22 . Memory (MB): peak = 453.973 ; gain = 161.457
---------------------------------------------------------------------------------
---------------------------------------------------------------------------------
Finished RTL Optimization Phase 1 : Time (s): cpu = 00:00:18 ; elapsed = 00:00:22 . Memory (MB): peak = 453.973 ; gain = 161.457
---------------------------------------------------------------------------------
INFO: [Netlist 29-17] Analyzing 11 Unisim elements for replacement
INFO: [Netlist 29-28] Unisim Transformation completed in 0 CPU seconds
INFO: [Device 21-403] Loading part xc7a35tcpg236-1
INFO: [Project 1-570] Preparing netlist for logic optimization

Processing XDC Constraints
Initializing timing engine
Parsing XDC File [c:/Users/Kerem Gurler/EE_Project/EE_Project.srcs/sources_1/bd/design_main/ip/design_main_c_counter_binary_0_0/design_main_c_counter_binary_0_0_ooc.xdc] for cell 'U0'
Finished Parsing XDC File [c:/Users/Kerem Gurler/EE_Project/EE_Project.srcs/sources_1/bd/design_main/ip/design_main_c_counter_binary_0_0/design_main_c_counter_binary_0_0_ooc.xdc] for cell 'U0'
Parsing XDC File [C:/Users/Kerem Gurler/EE_Project/EE_Project.runs/design_main_c_counter_binary_0_0_synth_1/dont_touch.xdc]
Finished Parsing XDC File [C:/Users/Kerem Gurler/EE_Project/EE_Project.runs/design_main_c_counter_binary_0_0_synth_1/dont_touch.xdc]
Completed Processing XDC Constraints

INFO: [Project 1-111] Unisim Transformation Summary:
No Unisim elements were transformed.

Constraint Validation Runtime : Time (s): cpu = 00:00:00 ; elapsed = 00:00:00.065 . Memory (MB): peak = 742.898 ; gain = 1.566
---------------------------------------------------------------------------------
Finished Constraint Validation : Time (s): cpu = 00:00:40 ; elapsed = 00:00:49 . Memory (MB): peak = 742.898 ; gain = 450.383
---------------------------------------------------------------------------------
---------------------------------------------------------------------------------
Start Loading Part and Timing Information
---------------------------------------------------------------------------------
Loading part: xc7a35tcpg236-1
---------------------------------------------------------------------------------
Finished Loading Part and Timing Information : Time (s): cpu = 00:00:40 ; elapsed = 00:00:49 . Memory (MB): peak = 742.898 ; gain = 450.383
---------------------------------------------------------------------------------
---------------------------------------------------------------------------------
Start Applying 'set_property' XDC Constraints
---------------------------------------------------------------------------------
Applied set_property DONT_TOUCH = true for U0. (constraint file  {C:/Users/Kerem Gurler/EE_Project/EE_Project.runs/design_main_c_counter_binary_0_0_synth_1/dont_touch.xdc}, line 9).
---------------------------------------------------------------------------------
Finished applying 'set_property' XDC Constraints : Time (s): cpu = 00:00:40 ; elapsed = 00:00:49 . Memory (MB): peak = 742.898 ; gain = 450.383
---------------------------------------------------------------------------------
---------------------------------------------------------------------------------
Finished RTL Optimization Phase 2 : Time (s): cpu = 00:00:40 ; elapsed = 00:00:50 . Memory (MB): peak = 742.898 ; gain = 450.383
---------------------------------------------------------------------------------

Report RTL Partitions: 
+-+--------------+------------+----------+
| |RTL Partition |Replication |Instances |
+-+--------------+------------+----------+
+-+--------------+------------+----------+
---------------------------------------------------------------------------------
Start RTL Component Statistics 
---------------------------------------------------------------------------------
---------------------------------------------------------------------------------
Finished RTL Component Statistics 
---------------------------------------------------------------------------------
---------------------------------------------------------------------------------
Start RTL Hierarchical Component Statistics 
---------------------------------------------------------------------------------
---------------------------------------------------------------------------------
Finished RTL Hierarchical Component Statistics
---------------------------------------------------------------------------------
---------------------------------------------------------------------------------
Start Part Resource Summary
---------------------------------------------------------------------------------
Part Resources:
DSPs: 90 (col length:60)
BRAMs: 100 (col length: RAMB18 60 RAMB36 30)
---------------------------------------------------------------------------------
Finished Part Resource Summary
---------------------------------------------------------------------------------
---------------------------------------------------------------------------------
Start Cross Boundary and Area Optimization
---------------------------------------------------------------------------------
Warning: Parallel synthesis criteria is not met 
WARNING: [Synth 8-3331] design c_counter_binary_v12_0_12_viv has unconnected port CE
WARNING: [Synth 8-3331] design c_counter_binary_v12_0_12_viv has unconnected port SSET
WARNING: [Synth 8-3331] design c_counter_binary_v12_0_12_viv has unconnected port SINIT
WARNING: [Synth 8-3331] design c_counter_binary_v12_0_12_viv has unconnected port UP
WARNING: [Synth 8-3331] design c_counter_binary_v12_0_12_viv has unconnected port LOAD
WARNING: [Synth 8-3331] design c_counter_binary_v12_0_12_viv has unconnected port L[5]
WARNING: [Synth 8-3331] design c_counter_binary_v12_0_12_viv has unconnected port L[4]
WARNING: [Synth 8-3331] design c_counter_binary_v12_0_12_viv has unconnected port L[3]
WARNING: [Synth 8-3331] design c_counter_binary_v12_0_12_viv has unconnected port L[2]
WARNING: [Synth 8-3331] design c_counter_binary_v12_0_12_viv has unconnected port L[1]
WARNING: [Synth 8-3331] design c_counter_binary_v12_0_12_viv has unconnected port L[0]
---------------------------------------------------------------------------------
Finished Cross Boundary and Area Optimization : Time (s): cpu = 00:00:42 ; elapsed = 00:00:51 . Memory (MB): peak = 742.898 ; gain = 450.383
---------------------------------------------------------------------------------

Report RTL Partitions: 
+-+--------------+------------+----------+
| |RTL Partition |Replication |Instances |
+-+--------------+------------+----------+
+-+--------------+------------+----------+
---------------------------------------------------------------------------------
Start Applying XDC Timing Constraints
---------------------------------------------------------------------------------
---------------------------------------------------------------------------------
Finished Applying XDC Timing Constraints : Time (s): cpu = 00:01:00 ; elapsed = 00:01:12 . Memory (MB): peak = 761.590 ; gain = 469.074
---------------------------------------------------------------------------------
---------------------------------------------------------------------------------
Start Timing Optimization
---------------------------------------------------------------------------------
---------------------------------------------------------------------------------
Finished Timing Optimization : Time (s): cpu = 00:01:00 ; elapsed = 00:01:12 . Memory (MB): peak = 771.125 ; gain = 478.609
---------------------------------------------------------------------------------

Report RTL Partitions: 
+-+--------------+------------+----------+
| |RTL Partition |Replication |Instances |
+-+--------------+------------+----------+
+-+--------------+------------+----------+
---------------------------------------------------------------------------------
Start Technology Mapping
---------------------------------------------------------------------------------
---------------------------------------------------------------------------------
Finished Technology Mapping : Time (s): cpu = 00:01:00 ; elapsed = 00:01:12 . Memory (MB): peak = 771.254 ; gain = 478.738
---------------------------------------------------------------------------------

Report RTL Partitions: 
+-+--------------+------------+----------+
| |RTL Partition |Replication |Instances |
+-+--------------+------------+----------+
+-+--------------+------------+----------+
---------------------------------------------------------------------------------
Start IO Insertion
---------------------------------------------------------------------------------
---------------------------------------------------------------------------------
Start Flattening Before IO Insertion
---------------------------------------------------------------------------------
---------------------------------------------------------------------------------
Finished Flattening Before IO Insertion
---------------------------------------------------------------------------------
---------------------------------------------------------------------------------
Start Final Netlist Cleanup
---------------------------------------------------------------------------------
---------------------------------------------------------------------------------
Finished Final Netlist Cleanup
---------------------------------------------------------------------------------
---------------------------------------------------------------------------------
Finished IO Insertion : Time (s): cpu = 00:01:02 ; elapsed = 00:01:15 . Memory (MB): peak = 771.254 ; gain = 478.738
---------------------------------------------------------------------------------

Report Check Netlist: 
+------+------------------+-------+---------+-------+------------------+
|      |Item              |Errors |Warnings |Status |Description       |
+------+------------------+-------+---------+-------+------------------+
|1     |multi_driven_nets |      0|        0|Passed |Multi driven nets |
+------+------------------+-------+---------+-------+------------------+
---------------------------------------------------------------------------------
Start Renaming Generated Instances
---------------------------------------------------------------------------------
---------------------------------------------------------------------------------
Finished Renaming Generated Instances : Time (s): cpu = 00:01:02 ; elapsed = 00:01:15 . Memory (MB): peak = 771.254 ; gain = 478.738
---------------------------------------------------------------------------------

Report RTL Partitions: 
+-+--------------+------------+----------+
| |RTL Partition |Replication |Instances |
+-+--------------+------------+----------+
+-+--------------+------------+----------+
---------------------------------------------------------------------------------
Start Rebuilding User Hierarchy
---------------------------------------------------------------------------------
---------------------------------------------------------------------------------
Finished Rebuilding User Hierarchy : Time (s): cpu = 00:01:02 ; elapsed = 00:01:15 . Memory (MB): peak = 771.254 ; gain = 478.738
---------------------------------------------------------------------------------
---------------------------------------------------------------------------------
Start Renaming Generated Ports
---------------------------------------------------------------------------------
---------------------------------------------------------------------------------
Finished Renaming Generated Ports : Time (s): cpu = 00:01:02 ; elapsed = 00:01:15 . Memory (MB): peak = 771.254 ; gain = 478.738
---------------------------------------------------------------------------------
---------------------------------------------------------------------------------
Start Handling Custom Attributes
---------------------------------------------------------------------------------
---------------------------------------------------------------------------------
Finished Handling Custom Attributes : Time (s): cpu = 00:01:02 ; elapsed = 00:01:15 . Memory (MB): peak = 771.254 ; gain = 478.738
---------------------------------------------------------------------------------
---------------------------------------------------------------------------------
Start Renaming Generated Nets
---------------------------------------------------------------------------------
---------------------------------------------------------------------------------
Finished Renaming Generated Nets : Time (s): cpu = 00:01:02 ; elapsed = 00:01:15 . Memory (MB): peak = 771.254 ; gain = 478.738
---------------------------------------------------------------------------------
---------------------------------------------------------------------------------
Start Writing Synthesis Report
---------------------------------------------------------------------------------

Report BlackBoxes: 
+-+--------------+----------+
| |BlackBox name |Instances |
+-+--------------+----------+
+-+--------------+----------+

Report Cell Usage: 
+------+------+------+
|      |Cell  |Count |
+------+------+------+
|1     |LUT1  |     1|
|2     |LUT2  |     1|
|3     |LUT3  |     1|
|4     |LUT6  |     1|
|5     |MUXCY |     5|
|6     |XORCY |     6|
|7     |FDRE  |     7|
+------+------+------+
---------------------------------------------------------------------------------
Finished Writing Synthesis Report : Time (s): cpu = 00:01:02 ; elapsed = 00:01:15 . Memory (MB): peak = 771.254 ; gain = 478.738
---------------------------------------------------------------------------------
Synthesis finished with 0 errors, 0 critical warnings and 11 warnings.
Synthesis Optimization Runtime : Time (s): cpu = 00:00:33 ; elapsed = 00:00:59 . Memory (MB): peak = 771.254 ; gain = 189.813
Synthesis Optimization Complete : Time (s): cpu = 00:01:02 ; elapsed = 00:01:15 . Memory (MB): peak = 771.254 ; gain = 478.738
INFO: [Project 1-571] Translating synthesized netlist
INFO: [Netlist 29-17] Analyzing 11 Unisim elements for replacement
INFO: [Netlist 29-28] Unisim Transformation completed in 0 CPU seconds
INFO: [Project 1-570] Preparing netlist for logic optimization
INFO: [Opt 31-138] Pushed 0 inverter(s) to 0 load pin(s).
INFO: [Project 1-111] Unisim Transformation Summary:
  A total of 2 instances were transformed.
  (MUXCY,XORCY) => CARRY4: 2 instances

INFO: [Common 17-83] Releasing license: Synthesis
16 Infos, 50 Warnings, 0 Critical Warnings and 0 Errors encountered.
synth_design completed successfully
synth_design: Time (s): cpu = 00:01:04 ; elapsed = 00:01:18 . Memory (MB): peak = 785.586 ; gain = 504.543
INFO: [Common 17-1381] The checkpoint 'C:/Users/Kerem Gurler/EE_Project/EE_Project.runs/design_main_c_counter_binary_0_0_synth_1/design_main_c_counter_binary_0_0.dcp' has been generated.
