
*** Running vivado
    with args -log design_main_mydebouncer_wrapper_0_0.vds -m64 -product Vivado -mode batch -messageDb vivado.pb -notrace -source design_main_mydebouncer_wrapper_0_0.tcl


****** Vivado v2018.1 (64-bit)
  **** SW Build 2188600 on Wed Apr  4 18:40:38 MDT 2018
  **** IP Build 2185939 on Wed Apr  4 20:55:05 MDT 2018
    ** Copyright 1986-2018 Xilinx, Inc. All Rights Reserved.

source design_main_mydebouncer_wrapper_0_0.tcl -notrace
Command: synth_design -top design_main_mydebouncer_wrapper_0_0 -part xc7a35tcpg236-1 -mode out_of_context
Starting synth_design
Attempting to get a license for feature 'Synthesis' and/or device 'xc7a35t'
INFO: [Common 17-349] Got license for feature 'Synthesis' and/or device 'xc7a35t'
INFO: Launching helper process for spawning children vivado processes
INFO: Helper process launched with PID 14228 
---------------------------------------------------------------------------------
Starting RTL Elaboration : Time (s): cpu = 00:00:06 ; elapsed = 00:00:07 . Memory (MB): peak = 390.102 ; gain = 97.766
---------------------------------------------------------------------------------
INFO: [Synth 8-638] synthesizing module 'design_main_mydebouncer_wrapper_0_0' [c:/Users/Kerem Gurler/EE_Project/EE_Project.srcs/sources_1/bd/design_main/ip/design_main_mydebouncer_wrapper_0_0/synth/design_main_mydebouncer_wrapper_0_0.vhd:64]
INFO: [Synth 8-3491] module 'mydebouncer_wrapper' declared at 'c:/Users/Kerem Gurler/EE_Project/EE_Project.srcs/sources_1/bd/design_main/ipshared/97a2/src/mydebouncer_wrapper.vhd:14' bound to instance 'U0' of component 'mydebouncer_wrapper' [c:/Users/Kerem Gurler/EE_Project/EE_Project.srcs/sources_1/bd/design_main/ip/design_main_mydebouncer_wrapper_0_0/synth/design_main_mydebouncer_wrapper_0_0.vhd:85]
INFO: [Synth 8-638] synthesizing module 'mydebouncer_wrapper' [c:/Users/Kerem Gurler/EE_Project/EE_Project.srcs/sources_1/bd/design_main/ipshared/97a2/src/mydebouncer_wrapper.vhd:22]
INFO: [Synth 8-3491] module 'mydebouncer' declared at 'c:/Users/Kerem Gurler/EE_Project/EE_Project.srcs/sources_1/bd/design_main/ipshared/97a2/src/mydebouncer.vhd:14' bound to instance 'mydebouncer_i' of component 'mydebouncer' [c:/Users/Kerem Gurler/EE_Project/EE_Project.srcs/sources_1/bd/design_main/ipshared/97a2/src/mydebouncer_wrapper.vhd:31]
INFO: [Synth 8-638] synthesizing module 'mydebouncer' [c:/Users/Kerem Gurler/EE_Project/EE_Project.srcs/sources_1/bd/design_main/ipshared/97a2/src/mydebouncer.vhd:26]
INFO: [Synth 8-3491] module 'mydebouncer_xup_and3_0_0' declared at 'c:/Users/Kerem Gurler/EE_Project/EE_Project.srcs/sources_1/bd/design_main/ip/design_main_mydebouncer_wrapper_0_0/src/mydebouncer_xup_and3_0_0/synth/mydebouncer_xup_and3_0_0.v:57' bound to instance 'xup_and3_0' of component 'mydebouncer_xup_and3_0_0' [c:/Users/Kerem Gurler/EE_Project/EE_Project.srcs/sources_1/bd/design_main/ipshared/97a2/src/mydebouncer.vhd:66]
INFO: [Synth 8-6157] synthesizing module 'mydebouncer_xup_and3_0_0' [c:/Users/Kerem Gurler/EE_Project/EE_Project.srcs/sources_1/bd/design_main/ip/design_main_mydebouncer_wrapper_0_0/src/mydebouncer_xup_and3_0_0/synth/mydebouncer_xup_and3_0_0.v:57]
INFO: [Synth 8-6157] synthesizing module 'xup_and3' [c:/Users/Kerem Gurler/EE_Project/EE_Project.srcs/sources_1/bd/design_main/ip/design_main_mydebouncer_wrapper_0_0/ipshared/2167/src/xup_and3.v:5]
	Parameter DELAY bound to: 3 - type: integer 
INFO: [Synth 8-6155] done synthesizing module 'xup_and3' (1#1) [c:/Users/Kerem Gurler/EE_Project/EE_Project.srcs/sources_1/bd/design_main/ip/design_main_mydebouncer_wrapper_0_0/ipshared/2167/src/xup_and3.v:5]
INFO: [Synth 8-6155] done synthesizing module 'mydebouncer_xup_and3_0_0' (2#1) [c:/Users/Kerem Gurler/EE_Project/EE_Project.srcs/sources_1/bd/design_main/ip/design_main_mydebouncer_wrapper_0_0/src/mydebouncer_xup_and3_0_0/synth/mydebouncer_xup_and3_0_0.v:57]
INFO: [Synth 8-3491] module 'mydebouncer_xup_dff_0_0' declared at 'c:/Users/Kerem Gurler/EE_Project/EE_Project.srcs/sources_1/bd/design_main/ip/design_main_mydebouncer_wrapper_0_0/src/mydebouncer_xup_dff_0_0/synth/mydebouncer_xup_dff_0_0.v:57' bound to instance 'xup_dff_0' of component 'mydebouncer_xup_dff_0_0' [c:/Users/Kerem Gurler/EE_Project/EE_Project.srcs/sources_1/bd/design_main/ipshared/97a2/src/mydebouncer.vhd:73]
INFO: [Synth 8-6157] synthesizing module 'mydebouncer_xup_dff_0_0' [c:/Users/Kerem Gurler/EE_Project/EE_Project.srcs/sources_1/bd/design_main/ip/design_main_mydebouncer_wrapper_0_0/src/mydebouncer_xup_dff_0_0/synth/mydebouncer_xup_dff_0_0.v:57]
INFO: [Synth 8-6157] synthesizing module 'xup_dff' [c:/Users/Kerem Gurler/EE_Project/EE_Project.srcs/sources_1/bd/design_main/ip/design_main_mydebouncer_wrapper_0_0/ipshared/62e1/src/xup_dff.v:5]
	Parameter DELAY bound to: 3 - type: integer 
INFO: [Synth 8-6155] done synthesizing module 'xup_dff' (3#1) [c:/Users/Kerem Gurler/EE_Project/EE_Project.srcs/sources_1/bd/design_main/ip/design_main_mydebouncer_wrapper_0_0/ipshared/62e1/src/xup_dff.v:5]
INFO: [Synth 8-6155] done synthesizing module 'mydebouncer_xup_dff_0_0' (4#1) [c:/Users/Kerem Gurler/EE_Project/EE_Project.srcs/sources_1/bd/design_main/ip/design_main_mydebouncer_wrapper_0_0/src/mydebouncer_xup_dff_0_0/synth/mydebouncer_xup_dff_0_0.v:57]
INFO: [Synth 8-3491] module 'mydebouncer_xup_dff_0_1' declared at 'c:/Users/Kerem Gurler/EE_Project/EE_Project.srcs/sources_1/bd/design_main/ip/design_main_mydebouncer_wrapper_0_0/src/mydebouncer_xup_dff_0_1/synth/mydebouncer_xup_dff_0_1.v:57' bound to instance 'xup_dff_1' of component 'mydebouncer_xup_dff_0_1' [c:/Users/Kerem Gurler/EE_Project/EE_Project.srcs/sources_1/bd/design_main/ipshared/97a2/src/mydebouncer.vhd:79]
INFO: [Synth 8-6157] synthesizing module 'mydebouncer_xup_dff_0_1' [c:/Users/Kerem Gurler/EE_Project/EE_Project.srcs/sources_1/bd/design_main/ip/design_main_mydebouncer_wrapper_0_0/src/mydebouncer_xup_dff_0_1/synth/mydebouncer_xup_dff_0_1.v:57]
INFO: [Synth 8-6155] done synthesizing module 'mydebouncer_xup_dff_0_1' (5#1) [c:/Users/Kerem Gurler/EE_Project/EE_Project.srcs/sources_1/bd/design_main/ip/design_main_mydebouncer_wrapper_0_0/src/mydebouncer_xup_dff_0_1/synth/mydebouncer_xup_dff_0_1.v:57]
INFO: [Synth 8-3491] module 'mydebouncer_xup_dff_0_2' declared at 'c:/Users/Kerem Gurler/EE_Project/EE_Project.srcs/sources_1/bd/design_main/ip/design_main_mydebouncer_wrapper_0_0/src/mydebouncer_xup_dff_0_2/synth/mydebouncer_xup_dff_0_2.v:57' bound to instance 'xup_dff_2' of component 'mydebouncer_xup_dff_0_2' [c:/Users/Kerem Gurler/EE_Project/EE_Project.srcs/sources_1/bd/design_main/ipshared/97a2/src/mydebouncer.vhd:85]
INFO: [Synth 8-6157] synthesizing module 'mydebouncer_xup_dff_0_2' [c:/Users/Kerem Gurler/EE_Project/EE_Project.srcs/sources_1/bd/design_main/ip/design_main_mydebouncer_wrapper_0_0/src/mydebouncer_xup_dff_0_2/synth/mydebouncer_xup_dff_0_2.v:57]
INFO: [Synth 8-6155] done synthesizing module 'mydebouncer_xup_dff_0_2' (6#1) [c:/Users/Kerem Gurler/EE_Project/EE_Project.srcs/sources_1/bd/design_main/ip/design_main_mydebouncer_wrapper_0_0/src/mydebouncer_xup_dff_0_2/synth/mydebouncer_xup_dff_0_2.v:57]
INFO: [Synth 8-256] done synthesizing module 'mydebouncer' (7#1) [c:/Users/Kerem Gurler/EE_Project/EE_Project.srcs/sources_1/bd/design_main/ipshared/97a2/src/mydebouncer.vhd:26]
INFO: [Synth 8-256] done synthesizing module 'mydebouncer_wrapper' (8#1) [c:/Users/Kerem Gurler/EE_Project/EE_Project.srcs/sources_1/bd/design_main/ipshared/97a2/src/mydebouncer_wrapper.vhd:22]
INFO: [Synth 8-256] done synthesizing module 'design_main_mydebouncer_wrapper_0_0' (9#1) [c:/Users/Kerem Gurler/EE_Project/EE_Project.srcs/sources_1/bd/design_main/ip/design_main_mydebouncer_wrapper_0_0/synth/design_main_mydebouncer_wrapper_0_0.vhd:64]
---------------------------------------------------------------------------------
Finished RTL Elaboration : Time (s): cpu = 00:00:07 ; elapsed = 00:00:09 . Memory (MB): peak = 445.000 ; gain = 152.664
---------------------------------------------------------------------------------

Report Check Netlist: 
+------+------------------+-------+---------+-------+------------------+
|      |Item              |Errors |Warnings |Status |Description       |
+------+------------------+-------+---------+-------+------------------+
|1     |multi_driven_nets |      0|        0|Passed |Multi driven nets |
+------+------------------+-------+---------+-------+------------------+
---------------------------------------------------------------------------------
Start Handling Custom Attributes
---------------------------------------------------------------------------------
---------------------------------------------------------------------------------
Finished Handling Custom Attributes : Time (s): cpu = 00:00:07 ; elapsed = 00:00:09 . Memory (MB): peak = 445.000 ; gain = 152.664
---------------------------------------------------------------------------------
---------------------------------------------------------------------------------
Finished RTL Optimization Phase 1 : Time (s): cpu = 00:00:07 ; elapsed = 00:00:09 . Memory (MB): peak = 445.000 ; gain = 152.664
---------------------------------------------------------------------------------
INFO: [Device 21-403] Loading part xc7a35tcpg236-1
INFO: [Project 1-570] Preparing netlist for logic optimization

Processing XDC Constraints
Initializing timing engine
Parsing XDC File [c:/Users/Kerem Gurler/EE_Project/EE_Project.srcs/sources_1/bd/design_main/ip/design_main_mydebouncer_wrapper_0_0/src/mydebouncer_ooc.xdc] for cell 'U0/mydebouncer_i'
Finished Parsing XDC File [c:/Users/Kerem Gurler/EE_Project/EE_Project.srcs/sources_1/bd/design_main/ip/design_main_mydebouncer_wrapper_0_0/src/mydebouncer_ooc.xdc] for cell 'U0/mydebouncer_i'
Parsing XDC File [C:/Users/Kerem Gurler/EE_Project/EE_Project.runs/design_main_mydebouncer_wrapper_0_0_synth_1/dont_touch.xdc]
Finished Parsing XDC File [C:/Users/Kerem Gurler/EE_Project/EE_Project.runs/design_main_mydebouncer_wrapper_0_0_synth_1/dont_touch.xdc]
Completed Processing XDC Constraints

INFO: [Project 1-111] Unisim Transformation Summary:
No Unisim elements were transformed.

Constraint Validation Runtime : Time (s): cpu = 00:00:00 ; elapsed = 00:00:00.082 . Memory (MB): peak = 701.469 ; gain = 0.012
---------------------------------------------------------------------------------
Finished Constraint Validation : Time (s): cpu = 00:00:19 ; elapsed = 00:00:25 . Memory (MB): peak = 701.469 ; gain = 409.133
---------------------------------------------------------------------------------
---------------------------------------------------------------------------------
Start Loading Part and Timing Information
---------------------------------------------------------------------------------
Loading part: xc7a35tcpg236-1
---------------------------------------------------------------------------------
Finished Loading Part and Timing Information : Time (s): cpu = 00:00:19 ; elapsed = 00:00:25 . Memory (MB): peak = 701.469 ; gain = 409.133
---------------------------------------------------------------------------------
---------------------------------------------------------------------------------
Start Applying 'set_property' XDC Constraints
---------------------------------------------------------------------------------
Applied set_property DONT_TOUCH = true for U0/mydebouncer_i/xup_dff_0. (constraint file  auto generated constraint, line ).
Applied set_property DONT_TOUCH = true for U0/mydebouncer_i/xup_dff_1. (constraint file  auto generated constraint, line ).
Applied set_property DONT_TOUCH = true for U0/mydebouncer_i/xup_dff_2. (constraint file  auto generated constraint, line ).
Applied set_property DONT_TOUCH = true for U0/mydebouncer_i/xup_and3_0. (constraint file  auto generated constraint, line ).
---------------------------------------------------------------------------------
Finished applying 'set_property' XDC Constraints : Time (s): cpu = 00:00:19 ; elapsed = 00:00:25 . Memory (MB): peak = 701.469 ; gain = 409.133
---------------------------------------------------------------------------------
---------------------------------------------------------------------------------
Finished RTL Optimization Phase 2 : Time (s): cpu = 00:00:19 ; elapsed = 00:00:25 . Memory (MB): peak = 701.469 ; gain = 409.133
---------------------------------------------------------------------------------

Report RTL Partitions: 
+-+--------------+------------+----------+
| |RTL Partition |Replication |Instances |
+-+--------------+------------+----------+
+-+--------------+------------+----------+
---------------------------------------------------------------------------------
Start RTL Component Statistics 
---------------------------------------------------------------------------------
Detailed RTL Component Info : 
+---Registers : 
	                1 Bit    Registers := 3     
---------------------------------------------------------------------------------
Finished RTL Component Statistics 
---------------------------------------------------------------------------------
---------------------------------------------------------------------------------
Start RTL Hierarchical Component Statistics 
---------------------------------------------------------------------------------
Hierarchical RTL Component report 
Module xup_dff 
Detailed RTL Component Info : 
+---Registers : 
	                1 Bit    Registers := 1     
---------------------------------------------------------------------------------
Finished RTL Hierarchical Component Statistics
---------------------------------------------------------------------------------
---------------------------------------------------------------------------------
Start Part Resource Summary
---------------------------------------------------------------------------------
Part Resources:
DSPs: 90 (col length:60)
BRAMs: 100 (col length: RAMB18 60 RAMB36 30)
---------------------------------------------------------------------------------
Finished Part Resource Summary
---------------------------------------------------------------------------------
---------------------------------------------------------------------------------
Start Cross Boundary and Area Optimization
---------------------------------------------------------------------------------
Warning: Parallel synthesis criteria is not met 
---------------------------------------------------------------------------------
Finished Cross Boundary and Area Optimization : Time (s): cpu = 00:00:20 ; elapsed = 00:00:26 . Memory (MB): peak = 701.469 ; gain = 409.133
---------------------------------------------------------------------------------

Report RTL Partitions: 
+-+--------------+------------+----------+
| |RTL Partition |Replication |Instances |
+-+--------------+------------+----------+
+-+--------------+------------+----------+
---------------------------------------------------------------------------------
Start Applying XDC Timing Constraints
---------------------------------------------------------------------------------
---------------------------------------------------------------------------------
Finished Applying XDC Timing Constraints : Time (s): cpu = 00:00:29 ; elapsed = 00:00:36 . Memory (MB): peak = 753.594 ; gain = 461.258
---------------------------------------------------------------------------------
---------------------------------------------------------------------------------
Start Timing Optimization
---------------------------------------------------------------------------------
---------------------------------------------------------------------------------
Finished Timing Optimization : Time (s): cpu = 00:00:29 ; elapsed = 00:00:36 . Memory (MB): peak = 753.594 ; gain = 461.258
---------------------------------------------------------------------------------

Report RTL Partitions: 
+-+--------------+------------+----------+
| |RTL Partition |Replication |Instances |
+-+--------------+------------+----------+
+-+--------------+------------+----------+
---------------------------------------------------------------------------------
Start Technology Mapping
---------------------------------------------------------------------------------
---------------------------------------------------------------------------------
Finished Technology Mapping : Time (s): cpu = 00:00:29 ; elapsed = 00:00:36 . Memory (MB): peak = 753.594 ; gain = 461.258
---------------------------------------------------------------------------------

Report RTL Partitions: 
+-+--------------+------------+----------+
| |RTL Partition |Replication |Instances |
+-+--------------+------------+----------+
+-+--------------+------------+----------+
---------------------------------------------------------------------------------
Start IO Insertion
---------------------------------------------------------------------------------
---------------------------------------------------------------------------------
Start Flattening Before IO Insertion
---------------------------------------------------------------------------------
---------------------------------------------------------------------------------
Finished Flattening Before IO Insertion
---------------------------------------------------------------------------------
---------------------------------------------------------------------------------
Start Final Netlist Cleanup
---------------------------------------------------------------------------------
---------------------------------------------------------------------------------
Finished Final Netlist Cleanup
---------------------------------------------------------------------------------
---------------------------------------------------------------------------------
Finished IO Insertion : Time (s): cpu = 00:00:30 ; elapsed = 00:00:37 . Memory (MB): peak = 754.719 ; gain = 462.383
---------------------------------------------------------------------------------

Report Check Netlist: 
+------+------------------+-------+---------+-------+------------------+
|      |Item              |Errors |Warnings |Status |Description       |
+------+------------------+-------+---------+-------+------------------+
|1     |multi_driven_nets |      0|        0|Passed |Multi driven nets |
+------+------------------+-------+---------+-------+------------------+
---------------------------------------------------------------------------------
Start Renaming Generated Instances
---------------------------------------------------------------------------------
---------------------------------------------------------------------------------
Finished Renaming Generated Instances : Time (s): cpu = 00:00:30 ; elapsed = 00:00:37 . Memory (MB): peak = 754.719 ; gain = 462.383
---------------------------------------------------------------------------------

Report RTL Partitions: 
+-+--------------+------------+----------+
| |RTL Partition |Replication |Instances |
+-+--------------+------------+----------+
+-+--------------+------------+----------+
---------------------------------------------------------------------------------
Start Rebuilding User Hierarchy
---------------------------------------------------------------------------------
---------------------------------------------------------------------------------
Finished Rebuilding User Hierarchy : Time (s): cpu = 00:00:30 ; elapsed = 00:00:37 . Memory (MB): peak = 754.719 ; gain = 462.383
---------------------------------------------------------------------------------
---------------------------------------------------------------------------------
Start Renaming Generated Ports
---------------------------------------------------------------------------------
---------------------------------------------------------------------------------
Finished Renaming Generated Ports : Time (s): cpu = 00:00:30 ; elapsed = 00:00:37 . Memory (MB): peak = 754.719 ; gain = 462.383
---------------------------------------------------------------------------------
---------------------------------------------------------------------------------
Start Handling Custom Attributes
---------------------------------------------------------------------------------
---------------------------------------------------------------------------------
Finished Handling Custom Attributes : Time (s): cpu = 00:00:30 ; elapsed = 00:00:37 . Memory (MB): peak = 754.719 ; gain = 462.383
---------------------------------------------------------------------------------
---------------------------------------------------------------------------------
Start Renaming Generated Nets
---------------------------------------------------------------------------------
---------------------------------------------------------------------------------
Finished Renaming Generated Nets : Time (s): cpu = 00:00:30 ; elapsed = 00:00:37 . Memory (MB): peak = 754.719 ; gain = 462.383
---------------------------------------------------------------------------------
---------------------------------------------------------------------------------
Start Writing Synthesis Report
---------------------------------------------------------------------------------

Report BlackBoxes: 
+-+--------------+----------+
| |BlackBox name |Instances |
+-+--------------+----------+
+-+--------------+----------+

Report Cell Usage: 
+------+-----+------+
|      |Cell |Count |
+------+-----+------+
|1     |LUT3 |     1|
|2     |FDRE |     3|
+------+-----+------+

Report Instance Areas: 
+------+------------------+-------------------------+------+
|      |Instance          |Module                   |Cells |
+------+------------------+-------------------------+------+
|1     |top               |                         |     4|
|2     |  U0              |mydebouncer_wrapper      |     4|
|3     |    mydebouncer_i |mydebouncer              |     4|
|4     |      xup_and3_0  |mydebouncer_xup_and3_0_0 |     1|
|5     |        inst      |xup_and3                 |     1|
|6     |      xup_dff_0   |mydebouncer_xup_dff_0_0  |     1|
|7     |        inst      |xup_dff_1                |     1|
|8     |      xup_dff_1   |mydebouncer_xup_dff_0_1  |     1|
|9     |        inst      |xup_dff_0                |     1|
|10    |      xup_dff_2   |mydebouncer_xup_dff_0_2  |     1|
|11    |        inst      |xup_dff                  |     1|
+------+------------------+-------------------------+------+
---------------------------------------------------------------------------------
Finished Writing Synthesis Report : Time (s): cpu = 00:00:30 ; elapsed = 00:00:37 . Memory (MB): peak = 754.719 ; gain = 462.383
---------------------------------------------------------------------------------
Synthesis finished with 0 errors, 0 critical warnings and 0 warnings.
Synthesis Optimization Runtime : Time (s): cpu = 00:00:17 ; elapsed = 00:00:27 . Memory (MB): peak = 754.719 ; gain = 205.914
Synthesis Optimization Complete : Time (s): cpu = 00:00:30 ; elapsed = 00:00:38 . Memory (MB): peak = 754.719 ; gain = 462.383
INFO: [Project 1-571] Translating synthesized netlist
INFO: [Project 1-570] Preparing netlist for logic optimization
INFO: [Opt 31-138] Pushed 0 inverter(s) to 0 load pin(s).
INFO: [Project 1-111] Unisim Transformation Summary:
No Unisim elements were transformed.

INFO: [Common 17-83] Releasing license: Synthesis
33 Infos, 0 Warnings, 0 Critical Warnings and 0 Errors encountered.
synth_design completed successfully
synth_design: Time (s): cpu = 00:00:31 ; elapsed = 00:00:40 . Memory (MB): peak = 773.563 ; gain = 492.699
INFO: [Common 17-1381] The checkpoint 'C:/Users/Kerem Gurler/EE_Project/EE_Project.runs/design_main_mydebouncer_wrapper_0_0_synth_1/design_main_mydebouncer_wrapper_0_0.dcp' has been generated.
