
*** Running vivado
    with args -log design_main_storage_wrapper_0_0.vds -m64 -product Vivado -mode batch -messageDb vivado.pb -notrace -source design_main_storage_wrapper_0_0.tcl


****** Vivado v2018.1 (64-bit)
  **** SW Build 2188600 on Wed Apr  4 18:40:38 MDT 2018
  **** IP Build 2185939 on Wed Apr  4 20:55:05 MDT 2018
    ** Copyright 1986-2018 Xilinx, Inc. All Rights Reserved.

source design_main_storage_wrapper_0_0.tcl -notrace
Command: synth_design -top design_main_storage_wrapper_0_0 -part xc7a35tcpg236-1 -mode out_of_context
Starting synth_design
Attempting to get a license for feature 'Synthesis' and/or device 'xc7a35t'
INFO: [Common 17-349] Got license for feature 'Synthesis' and/or device 'xc7a35t'
INFO: Launching helper process for spawning children vivado processes
INFO: Helper process launched with PID 8856 
---------------------------------------------------------------------------------
Starting RTL Elaboration : Time (s): cpu = 00:00:07 ; elapsed = 00:00:08 . Memory (MB): peak = 390.629 ; gain = 98.531
---------------------------------------------------------------------------------
INFO: [Synth 8-638] synthesizing module 'design_main_storage_wrapper_0_0' [c:/Users/Kerem Gurler/EE_Project/EE_Project.srcs/sources_1/bd/design_main/ip/design_main_storage_wrapper_0_0/synth/design_main_storage_wrapper_0_0.vhd:87]
INFO: [Synth 8-3491] module 'storage_wrapper' declared at 'c:/Users/Kerem Gurler/EE_Project/EE_Project.srcs/sources_1/bd/design_main/ipshared/a358/src/storage_wrapper.vhd:14' bound to instance 'U0' of component 'storage_wrapper' [c:/Users/Kerem Gurler/EE_Project/EE_Project.srcs/sources_1/bd/design_main/ip/design_main_storage_wrapper_0_0/synth/design_main_storage_wrapper_0_0.vhd:131]
INFO: [Synth 8-638] synthesizing module 'storage_wrapper' [c:/Users/Kerem Gurler/EE_Project/EE_Project.srcs/sources_1/bd/design_main/ipshared/a358/src/storage_wrapper.vhd:45]
INFO: [Synth 8-3491] module 'storage' declared at 'c:/Users/Kerem Gurler/EE_Project/EE_Project.srcs/sources_1/bd/design_main/ipshared/a358/src/storage.vhd:14' bound to instance 'storage_i' of component 'storage' [c:/Users/Kerem Gurler/EE_Project/EE_Project.srcs/sources_1/bd/design_main/ipshared/a358/src/storage_wrapper.vhd:77]
INFO: [Synth 8-638] synthesizing module 'storage' [c:/Users/Kerem Gurler/EE_Project/EE_Project.srcs/sources_1/bd/design_main/ipshared/a358/src/storage.vhd:49]
INFO: [Synth 8-3491] module 'storage_xup_and2_0_0' declared at 'c:/Users/Kerem Gurler/EE_Project/EE_Project.srcs/sources_1/bd/design_main/ip/design_main_storage_wrapper_0_0/src/storage_xup_and2_0_0/synth/storage_xup_and2_0_0.v:57' bound to instance 'xup_and2_0' of component 'storage_xup_and2_0_0' [c:/Users/Kerem Gurler/EE_Project/EE_Project.srcs/sources_1/bd/design_main/ipshared/a358/src/storage.vhd:195]
INFO: [Synth 8-6157] synthesizing module 'storage_xup_and2_0_0' [c:/Users/Kerem Gurler/EE_Project/EE_Project.srcs/sources_1/bd/design_main/ip/design_main_storage_wrapper_0_0/src/storage_xup_and2_0_0/synth/storage_xup_and2_0_0.v:57]
INFO: [Synth 8-6157] synthesizing module 'xup_and2' [c:/Users/Kerem Gurler/EE_Project/EE_Project.srcs/sources_1/bd/design_main/ip/design_main_storage_wrapper_0_0/ipshared/9859/src/xup_and2.v:5]
	Parameter DELAY bound to: 3 - type: integer 
INFO: [Synth 8-6155] done synthesizing module 'xup_and2' (1#1) [c:/Users/Kerem Gurler/EE_Project/EE_Project.srcs/sources_1/bd/design_main/ip/design_main_storage_wrapper_0_0/ipshared/9859/src/xup_and2.v:5]
INFO: [Synth 8-6155] done synthesizing module 'storage_xup_and2_0_0' (2#1) [c:/Users/Kerem Gurler/EE_Project/EE_Project.srcs/sources_1/bd/design_main/ip/design_main_storage_wrapper_0_0/src/storage_xup_and2_0_0/synth/storage_xup_and2_0_0.v:57]
INFO: [Synth 8-3491] module 'storage_xup_dff_0_0' declared at 'c:/Users/Kerem Gurler/EE_Project/EE_Project.srcs/sources_1/bd/design_main/ip/design_main_storage_wrapper_0_0/src/storage_xup_dff_0_0/synth/storage_xup_dff_0_0.v:57' bound to instance 'xup_dff_0' of component 'storage_xup_dff_0_0' [c:/Users/Kerem Gurler/EE_Project/EE_Project.srcs/sources_1/bd/design_main/ipshared/a358/src/storage.vhd:201]
INFO: [Synth 8-6157] synthesizing module 'storage_xup_dff_0_0' [c:/Users/Kerem Gurler/EE_Project/EE_Project.srcs/sources_1/bd/design_main/ip/design_main_storage_wrapper_0_0/src/storage_xup_dff_0_0/synth/storage_xup_dff_0_0.v:57]
INFO: [Synth 8-6157] synthesizing module 'xup_dff' [c:/Users/Kerem Gurler/EE_Project/EE_Project.srcs/sources_1/bd/design_main/ip/design_main_storage_wrapper_0_0/ipshared/62e1/src/xup_dff.v:5]
	Parameter DELAY bound to: 3 - type: integer 
INFO: [Synth 8-6155] done synthesizing module 'xup_dff' (3#1) [c:/Users/Kerem Gurler/EE_Project/EE_Project.srcs/sources_1/bd/design_main/ip/design_main_storage_wrapper_0_0/ipshared/62e1/src/xup_dff.v:5]
INFO: [Synth 8-6155] done synthesizing module 'storage_xup_dff_0_0' (4#1) [c:/Users/Kerem Gurler/EE_Project/EE_Project.srcs/sources_1/bd/design_main/ip/design_main_storage_wrapper_0_0/src/storage_xup_dff_0_0/synth/storage_xup_dff_0_0.v:57]
INFO: [Synth 8-3491] module 'storage_xup_dff_0_1' declared at 'c:/Users/Kerem Gurler/EE_Project/EE_Project.srcs/sources_1/bd/design_main/ip/design_main_storage_wrapper_0_0/src/storage_xup_dff_0_1/synth/storage_xup_dff_0_1.v:57' bound to instance 'xup_dff_1' of component 'storage_xup_dff_0_1' [c:/Users/Kerem Gurler/EE_Project/EE_Project.srcs/sources_1/bd/design_main/ipshared/a358/src/storage.vhd:207]
INFO: [Synth 8-6157] synthesizing module 'storage_xup_dff_0_1' [c:/Users/Kerem Gurler/EE_Project/EE_Project.srcs/sources_1/bd/design_main/ip/design_main_storage_wrapper_0_0/src/storage_xup_dff_0_1/synth/storage_xup_dff_0_1.v:57]
INFO: [Synth 8-6155] done synthesizing module 'storage_xup_dff_0_1' (5#1) [c:/Users/Kerem Gurler/EE_Project/EE_Project.srcs/sources_1/bd/design_main/ip/design_main_storage_wrapper_0_0/src/storage_xup_dff_0_1/synth/storage_xup_dff_0_1.v:57]
INFO: [Synth 8-3491] module 'storage_xup_dff_0_10' declared at 'c:/Users/Kerem Gurler/EE_Project/EE_Project.srcs/sources_1/bd/design_main/ip/design_main_storage_wrapper_0_0/src/storage_xup_dff_0_10/synth/storage_xup_dff_0_10.v:57' bound to instance 'xup_dff_10' of component 'storage_xup_dff_0_10' [c:/Users/Kerem Gurler/EE_Project/EE_Project.srcs/sources_1/bd/design_main/ipshared/a358/src/storage.vhd:213]
INFO: [Synth 8-6157] synthesizing module 'storage_xup_dff_0_10' [c:/Users/Kerem Gurler/EE_Project/EE_Project.srcs/sources_1/bd/design_main/ip/design_main_storage_wrapper_0_0/src/storage_xup_dff_0_10/synth/storage_xup_dff_0_10.v:57]
INFO: [Synth 8-6155] done synthesizing module 'storage_xup_dff_0_10' (6#1) [c:/Users/Kerem Gurler/EE_Project/EE_Project.srcs/sources_1/bd/design_main/ip/design_main_storage_wrapper_0_0/src/storage_xup_dff_0_10/synth/storage_xup_dff_0_10.v:57]
INFO: [Synth 8-3491] module 'storage_xup_dff_0_11' declared at 'c:/Users/Kerem Gurler/EE_Project/EE_Project.srcs/sources_1/bd/design_main/ip/design_main_storage_wrapper_0_0/src/storage_xup_dff_0_11/synth/storage_xup_dff_0_11.v:57' bound to instance 'xup_dff_11' of component 'storage_xup_dff_0_11' [c:/Users/Kerem Gurler/EE_Project/EE_Project.srcs/sources_1/bd/design_main/ipshared/a358/src/storage.vhd:219]
INFO: [Synth 8-6157] synthesizing module 'storage_xup_dff_0_11' [c:/Users/Kerem Gurler/EE_Project/EE_Project.srcs/sources_1/bd/design_main/ip/design_main_storage_wrapper_0_0/src/storage_xup_dff_0_11/synth/storage_xup_dff_0_11.v:57]
INFO: [Synth 8-6155] done synthesizing module 'storage_xup_dff_0_11' (7#1) [c:/Users/Kerem Gurler/EE_Project/EE_Project.srcs/sources_1/bd/design_main/ip/design_main_storage_wrapper_0_0/src/storage_xup_dff_0_11/synth/storage_xup_dff_0_11.v:57]
INFO: [Synth 8-3491] module 'storage_xup_dff_0_2' declared at 'c:/Users/Kerem Gurler/EE_Project/EE_Project.srcs/sources_1/bd/design_main/ip/design_main_storage_wrapper_0_0/src/storage_xup_dff_0_2/synth/storage_xup_dff_0_2.v:57' bound to instance 'xup_dff_2' of component 'storage_xup_dff_0_2' [c:/Users/Kerem Gurler/EE_Project/EE_Project.srcs/sources_1/bd/design_main/ipshared/a358/src/storage.vhd:225]
INFO: [Synth 8-6157] synthesizing module 'storage_xup_dff_0_2' [c:/Users/Kerem Gurler/EE_Project/EE_Project.srcs/sources_1/bd/design_main/ip/design_main_storage_wrapper_0_0/src/storage_xup_dff_0_2/synth/storage_xup_dff_0_2.v:57]
INFO: [Synth 8-6155] done synthesizing module 'storage_xup_dff_0_2' (8#1) [c:/Users/Kerem Gurler/EE_Project/EE_Project.srcs/sources_1/bd/design_main/ip/design_main_storage_wrapper_0_0/src/storage_xup_dff_0_2/synth/storage_xup_dff_0_2.v:57]
INFO: [Synth 8-3491] module 'storage_xup_dff_0_3' declared at 'c:/Users/Kerem Gurler/EE_Project/EE_Project.srcs/sources_1/bd/design_main/ip/design_main_storage_wrapper_0_0/src/storage_xup_dff_0_3/synth/storage_xup_dff_0_3.v:57' bound to instance 'xup_dff_3' of component 'storage_xup_dff_0_3' [c:/Users/Kerem Gurler/EE_Project/EE_Project.srcs/sources_1/bd/design_main/ipshared/a358/src/storage.vhd:231]
INFO: [Synth 8-6157] synthesizing module 'storage_xup_dff_0_3' [c:/Users/Kerem Gurler/EE_Project/EE_Project.srcs/sources_1/bd/design_main/ip/design_main_storage_wrapper_0_0/src/storage_xup_dff_0_3/synth/storage_xup_dff_0_3.v:57]
INFO: [Synth 8-6155] done synthesizing module 'storage_xup_dff_0_3' (9#1) [c:/Users/Kerem Gurler/EE_Project/EE_Project.srcs/sources_1/bd/design_main/ip/design_main_storage_wrapper_0_0/src/storage_xup_dff_0_3/synth/storage_xup_dff_0_3.v:57]
INFO: [Synth 8-3491] module 'storage_xup_dff_0_4' declared at 'c:/Users/Kerem Gurler/EE_Project/EE_Project.srcs/sources_1/bd/design_main/ip/design_main_storage_wrapper_0_0/src/storage_xup_dff_0_4/synth/storage_xup_dff_0_4.v:57' bound to instance 'xup_dff_4' of component 'storage_xup_dff_0_4' [c:/Users/Kerem Gurler/EE_Project/EE_Project.srcs/sources_1/bd/design_main/ipshared/a358/src/storage.vhd:237]
INFO: [Synth 8-6157] synthesizing module 'storage_xup_dff_0_4' [c:/Users/Kerem Gurler/EE_Project/EE_Project.srcs/sources_1/bd/design_main/ip/design_main_storage_wrapper_0_0/src/storage_xup_dff_0_4/synth/storage_xup_dff_0_4.v:57]
INFO: [Synth 8-6155] done synthesizing module 'storage_xup_dff_0_4' (10#1) [c:/Users/Kerem Gurler/EE_Project/EE_Project.srcs/sources_1/bd/design_main/ip/design_main_storage_wrapper_0_0/src/storage_xup_dff_0_4/synth/storage_xup_dff_0_4.v:57]
INFO: [Synth 8-3491] module 'storage_xup_dff_0_5' declared at 'c:/Users/Kerem Gurler/EE_Project/EE_Project.srcs/sources_1/bd/design_main/ip/design_main_storage_wrapper_0_0/src/storage_xup_dff_0_5/synth/storage_xup_dff_0_5.v:57' bound to instance 'xup_dff_5' of component 'storage_xup_dff_0_5' [c:/Users/Kerem Gurler/EE_Project/EE_Project.srcs/sources_1/bd/design_main/ipshared/a358/src/storage.vhd:243]
INFO: [Synth 8-6157] synthesizing module 'storage_xup_dff_0_5' [c:/Users/Kerem Gurler/EE_Project/EE_Project.srcs/sources_1/bd/design_main/ip/design_main_storage_wrapper_0_0/src/storage_xup_dff_0_5/synth/storage_xup_dff_0_5.v:57]
INFO: [Synth 8-6155] done synthesizing module 'storage_xup_dff_0_5' (11#1) [c:/Users/Kerem Gurler/EE_Project/EE_Project.srcs/sources_1/bd/design_main/ip/design_main_storage_wrapper_0_0/src/storage_xup_dff_0_5/synth/storage_xup_dff_0_5.v:57]
INFO: [Synth 8-3491] module 'storage_xup_dff_0_6' declared at 'c:/Users/Kerem Gurler/EE_Project/EE_Project.srcs/sources_1/bd/design_main/ip/design_main_storage_wrapper_0_0/src/storage_xup_dff_0_6/synth/storage_xup_dff_0_6.v:57' bound to instance 'xup_dff_6' of component 'storage_xup_dff_0_6' [c:/Users/Kerem Gurler/EE_Project/EE_Project.srcs/sources_1/bd/design_main/ipshared/a358/src/storage.vhd:249]
INFO: [Synth 8-6157] synthesizing module 'storage_xup_dff_0_6' [c:/Users/Kerem Gurler/EE_Project/EE_Project.srcs/sources_1/bd/design_main/ip/design_main_storage_wrapper_0_0/src/storage_xup_dff_0_6/synth/storage_xup_dff_0_6.v:57]
INFO: [Synth 8-6155] done synthesizing module 'storage_xup_dff_0_6' (12#1) [c:/Users/Kerem Gurler/EE_Project/EE_Project.srcs/sources_1/bd/design_main/ip/design_main_storage_wrapper_0_0/src/storage_xup_dff_0_6/synth/storage_xup_dff_0_6.v:57]
INFO: [Synth 8-3491] module 'storage_xup_dff_0_7' declared at 'c:/Users/Kerem Gurler/EE_Project/EE_Project.srcs/sources_1/bd/design_main/ip/design_main_storage_wrapper_0_0/src/storage_xup_dff_0_7/synth/storage_xup_dff_0_7.v:57' bound to instance 'xup_dff_7' of component 'storage_xup_dff_0_7' [c:/Users/Kerem Gurler/EE_Project/EE_Project.srcs/sources_1/bd/design_main/ipshared/a358/src/storage.vhd:255]
INFO: [Synth 8-6157] synthesizing module 'storage_xup_dff_0_7' [c:/Users/Kerem Gurler/EE_Project/EE_Project.srcs/sources_1/bd/design_main/ip/design_main_storage_wrapper_0_0/src/storage_xup_dff_0_7/synth/storage_xup_dff_0_7.v:57]
INFO: [Synth 8-6155] done synthesizing module 'storage_xup_dff_0_7' (13#1) [c:/Users/Kerem Gurler/EE_Project/EE_Project.srcs/sources_1/bd/design_main/ip/design_main_storage_wrapper_0_0/src/storage_xup_dff_0_7/synth/storage_xup_dff_0_7.v:57]
INFO: [Synth 8-3491] module 'storage_xup_dff_0_8' declared at 'c:/Users/Kerem Gurler/EE_Project/EE_Project.srcs/sources_1/bd/design_main/ip/design_main_storage_wrapper_0_0/src/storage_xup_dff_0_8/synth/storage_xup_dff_0_8.v:57' bound to instance 'xup_dff_8' of component 'storage_xup_dff_0_8' [c:/Users/Kerem Gurler/EE_Project/EE_Project.srcs/sources_1/bd/design_main/ipshared/a358/src/storage.vhd:261]
INFO: [Synth 8-6157] synthesizing module 'storage_xup_dff_0_8' [c:/Users/Kerem Gurler/EE_Project/EE_Project.srcs/sources_1/bd/design_main/ip/design_main_storage_wrapper_0_0/src/storage_xup_dff_0_8/synth/storage_xup_dff_0_8.v:57]
INFO: [Synth 8-6155] done synthesizing module 'storage_xup_dff_0_8' (14#1) [c:/Users/Kerem Gurler/EE_Project/EE_Project.srcs/sources_1/bd/design_main/ip/design_main_storage_wrapper_0_0/src/storage_xup_dff_0_8/synth/storage_xup_dff_0_8.v:57]
INFO: [Synth 8-3491] module 'storage_xup_dff_0_9' declared at 'c:/Users/Kerem Gurler/EE_Project/EE_Project.srcs/sources_1/bd/design_main/ip/design_main_storage_wrapper_0_0/src/storage_xup_dff_0_9/synth/storage_xup_dff_0_9.v:57' bound to instance 'xup_dff_9' of component 'storage_xup_dff_0_9' [c:/Users/Kerem Gurler/EE_Project/EE_Project.srcs/sources_1/bd/design_main/ipshared/a358/src/storage.vhd:267]
INFO: [Synth 8-6157] synthesizing module 'storage_xup_dff_0_9' [c:/Users/Kerem Gurler/EE_Project/EE_Project.srcs/sources_1/bd/design_main/ip/design_main_storage_wrapper_0_0/src/storage_xup_dff_0_9/synth/storage_xup_dff_0_9.v:57]
INFO: [Synth 8-6155] done synthesizing module 'storage_xup_dff_0_9' (15#1) [c:/Users/Kerem Gurler/EE_Project/EE_Project.srcs/sources_1/bd/design_main/ip/design_main_storage_wrapper_0_0/src/storage_xup_dff_0_9/synth/storage_xup_dff_0_9.v:57]
INFO: [Synth 8-256] done synthesizing module 'storage' (16#1) [c:/Users/Kerem Gurler/EE_Project/EE_Project.srcs/sources_1/bd/design_main/ipshared/a358/src/storage.vhd:49]
INFO: [Synth 8-256] done synthesizing module 'storage_wrapper' (17#1) [c:/Users/Kerem Gurler/EE_Project/EE_Project.srcs/sources_1/bd/design_main/ipshared/a358/src/storage_wrapper.vhd:45]
INFO: [Synth 8-256] done synthesizing module 'design_main_storage_wrapper_0_0' (18#1) [c:/Users/Kerem Gurler/EE_Project/EE_Project.srcs/sources_1/bd/design_main/ip/design_main_storage_wrapper_0_0/synth/design_main_storage_wrapper_0_0.vhd:87]
---------------------------------------------------------------------------------
Finished RTL Elaboration : Time (s): cpu = 00:00:09 ; elapsed = 00:00:09 . Memory (MB): peak = 446.750 ; gain = 154.652
---------------------------------------------------------------------------------

Report Check Netlist: 
+------+------------------+-------+---------+-------+------------------+
|      |Item              |Errors |Warnings |Status |Description       |
+------+------------------+-------+---------+-------+------------------+
|1     |multi_driven_nets |      0|        0|Passed |Multi driven nets |
+------+------------------+-------+---------+-------+------------------+
---------------------------------------------------------------------------------
Start Handling Custom Attributes
---------------------------------------------------------------------------------
---------------------------------------------------------------------------------
Finished Handling Custom Attributes : Time (s): cpu = 00:00:09 ; elapsed = 00:00:09 . Memory (MB): peak = 446.750 ; gain = 154.652
---------------------------------------------------------------------------------
---------------------------------------------------------------------------------
Finished RTL Optimization Phase 1 : Time (s): cpu = 00:00:09 ; elapsed = 00:00:09 . Memory (MB): peak = 446.750 ; gain = 154.652
---------------------------------------------------------------------------------
INFO: [Device 21-403] Loading part xc7a35tcpg236-1
INFO: [Project 1-570] Preparing netlist for logic optimization

Processing XDC Constraints
Initializing timing engine
Parsing XDC File [c:/Users/Kerem Gurler/EE_Project/EE_Project.srcs/sources_1/bd/design_main/ip/design_main_storage_wrapper_0_0/src/storage_ooc.xdc] for cell 'U0/storage_i'
Finished Parsing XDC File [c:/Users/Kerem Gurler/EE_Project/EE_Project.srcs/sources_1/bd/design_main/ip/design_main_storage_wrapper_0_0/src/storage_ooc.xdc] for cell 'U0/storage_i'
Parsing XDC File [C:/Users/Kerem Gurler/EE_Project/EE_Project.runs/design_main_storage_wrapper_0_0_synth_1/dont_touch.xdc]
Finished Parsing XDC File [C:/Users/Kerem Gurler/EE_Project/EE_Project.runs/design_main_storage_wrapper_0_0_synth_1/dont_touch.xdc]
Completed Processing XDC Constraints

INFO: [Project 1-111] Unisim Transformation Summary:
No Unisim elements were transformed.

Constraint Validation Runtime : Time (s): cpu = 00:00:00 ; elapsed = 00:00:00.022 . Memory (MB): peak = 744.508 ; gain = 0.199
---------------------------------------------------------------------------------
Finished Constraint Validation : Time (s): cpu = 00:00:23 ; elapsed = 00:00:25 . Memory (MB): peak = 744.508 ; gain = 452.410
---------------------------------------------------------------------------------
---------------------------------------------------------------------------------
Start Loading Part and Timing Information
---------------------------------------------------------------------------------
Loading part: xc7a35tcpg236-1
---------------------------------------------------------------------------------
Finished Loading Part and Timing Information : Time (s): cpu = 00:00:23 ; elapsed = 00:00:25 . Memory (MB): peak = 744.508 ; gain = 452.410
---------------------------------------------------------------------------------
---------------------------------------------------------------------------------
Start Applying 'set_property' XDC Constraints
---------------------------------------------------------------------------------
Applied set_property DONT_TOUCH = true for U0/storage_i/xup_dff_0. (constraint file  auto generated constraint, line ).
Applied set_property DONT_TOUCH = true for U0/storage_i/xup_dff_1. (constraint file  auto generated constraint, line ).
Applied set_property DONT_TOUCH = true for U0/storage_i/xup_dff_2. (constraint file  auto generated constraint, line ).
Applied set_property DONT_TOUCH = true for U0/storage_i/xup_dff_3. (constraint file  auto generated constraint, line ).
Applied set_property DONT_TOUCH = true for U0/storage_i/xup_dff_4. (constraint file  auto generated constraint, line ).
Applied set_property DONT_TOUCH = true for U0/storage_i/xup_dff_5. (constraint file  auto generated constraint, line ).
Applied set_property DONT_TOUCH = true for U0/storage_i/xup_dff_6. (constraint file  auto generated constraint, line ).
Applied set_property DONT_TOUCH = true for U0/storage_i/xup_dff_7. (constraint file  auto generated constraint, line ).
Applied set_property DONT_TOUCH = true for U0/storage_i/xup_dff_8. (constraint file  auto generated constraint, line ).
Applied set_property DONT_TOUCH = true for U0/storage_i/xup_dff_9. (constraint file  auto generated constraint, line ).
Applied set_property DONT_TOUCH = true for U0/storage_i/xup_dff_10. (constraint file  auto generated constraint, line ).
Applied set_property DONT_TOUCH = true for U0/storage_i/xup_dff_11. (constraint file  auto generated constraint, line ).
Applied set_property DONT_TOUCH = true for U0/storage_i/xup_and2_0. (constraint file  auto generated constraint, line ).
---------------------------------------------------------------------------------
Finished applying 'set_property' XDC Constraints : Time (s): cpu = 00:00:23 ; elapsed = 00:00:25 . Memory (MB): peak = 744.508 ; gain = 452.410
---------------------------------------------------------------------------------
---------------------------------------------------------------------------------
Finished RTL Optimization Phase 2 : Time (s): cpu = 00:00:23 ; elapsed = 00:00:26 . Memory (MB): peak = 744.508 ; gain = 452.410
---------------------------------------------------------------------------------

Report RTL Partitions: 
+-+--------------+------------+----------+
| |RTL Partition |Replication |Instances |
+-+--------------+------------+----------+
+-+--------------+------------+----------+
---------------------------------------------------------------------------------
Start RTL Component Statistics 
---------------------------------------------------------------------------------
Detailed RTL Component Info : 
+---Registers : 
	                1 Bit    Registers := 12    
---------------------------------------------------------------------------------
Finished RTL Component Statistics 
---------------------------------------------------------------------------------
---------------------------------------------------------------------------------
Start RTL Hierarchical Component Statistics 
---------------------------------------------------------------------------------
Hierarchical RTL Component report 
Module xup_dff 
Detailed RTL Component Info : 
+---Registers : 
	                1 Bit    Registers := 1     
---------------------------------------------------------------------------------
Finished RTL Hierarchical Component Statistics
---------------------------------------------------------------------------------
---------------------------------------------------------------------------------
Start Part Resource Summary
---------------------------------------------------------------------------------
Part Resources:
DSPs: 90 (col length:60)
BRAMs: 100 (col length: RAMB18 60 RAMB36 30)
---------------------------------------------------------------------------------
Finished Part Resource Summary
---------------------------------------------------------------------------------
---------------------------------------------------------------------------------
Start Cross Boundary and Area Optimization
---------------------------------------------------------------------------------
Warning: Parallel synthesis criteria is not met 
---------------------------------------------------------------------------------
Finished Cross Boundary and Area Optimization : Time (s): cpu = 00:00:24 ; elapsed = 00:00:26 . Memory (MB): peak = 744.508 ; gain = 452.410
---------------------------------------------------------------------------------

Report RTL Partitions: 
+-+--------------+------------+----------+
| |RTL Partition |Replication |Instances |
+-+--------------+------------+----------+
+-+--------------+------------+----------+
---------------------------------------------------------------------------------
Start Applying XDC Timing Constraints
---------------------------------------------------------------------------------
---------------------------------------------------------------------------------
Finished Applying XDC Timing Constraints : Time (s): cpu = 00:00:36 ; elapsed = 00:00:38 . Memory (MB): peak = 752.727 ; gain = 460.629
---------------------------------------------------------------------------------
---------------------------------------------------------------------------------
Start Timing Optimization
---------------------------------------------------------------------------------
---------------------------------------------------------------------------------
Finished Timing Optimization : Time (s): cpu = 00:00:36 ; elapsed = 00:00:38 . Memory (MB): peak = 752.727 ; gain = 460.629
---------------------------------------------------------------------------------

Report RTL Partitions: 
+-+--------------+------------+----------+
| |RTL Partition |Replication |Instances |
+-+--------------+------------+----------+
+-+--------------+------------+----------+
---------------------------------------------------------------------------------
Start Technology Mapping
---------------------------------------------------------------------------------
---------------------------------------------------------------------------------
Finished Technology Mapping : Time (s): cpu = 00:00:36 ; elapsed = 00:00:38 . Memory (MB): peak = 752.727 ; gain = 460.629
---------------------------------------------------------------------------------

Report RTL Partitions: 
+-+--------------+------------+----------+
| |RTL Partition |Replication |Instances |
+-+--------------+------------+----------+
+-+--------------+------------+----------+
---------------------------------------------------------------------------------
Start IO Insertion
---------------------------------------------------------------------------------
---------------------------------------------------------------------------------
Start Flattening Before IO Insertion
---------------------------------------------------------------------------------
---------------------------------------------------------------------------------
Finished Flattening Before IO Insertion
---------------------------------------------------------------------------------
---------------------------------------------------------------------------------
Start Final Netlist Cleanup
---------------------------------------------------------------------------------
---------------------------------------------------------------------------------
Finished Final Netlist Cleanup
---------------------------------------------------------------------------------
---------------------------------------------------------------------------------
Finished IO Insertion : Time (s): cpu = 00:00:37 ; elapsed = 00:00:39 . Memory (MB): peak = 753.930 ; gain = 461.832
---------------------------------------------------------------------------------

Report Check Netlist: 
+------+------------------+-------+---------+-------+------------------+
|      |Item              |Errors |Warnings |Status |Description       |
+------+------------------+-------+---------+-------+------------------+
|1     |multi_driven_nets |      0|        0|Passed |Multi driven nets |
+------+------------------+-------+---------+-------+------------------+
---------------------------------------------------------------------------------
Start Renaming Generated Instances
---------------------------------------------------------------------------------
---------------------------------------------------------------------------------
Finished Renaming Generated Instances : Time (s): cpu = 00:00:37 ; elapsed = 00:00:39 . Memory (MB): peak = 753.930 ; gain = 461.832
---------------------------------------------------------------------------------

Report RTL Partitions: 
+-+--------------+------------+----------+
| |RTL Partition |Replication |Instances |
+-+--------------+------------+----------+
+-+--------------+------------+----------+
---------------------------------------------------------------------------------
Start Rebuilding User Hierarchy
---------------------------------------------------------------------------------
---------------------------------------------------------------------------------
Finished Rebuilding User Hierarchy : Time (s): cpu = 00:00:37 ; elapsed = 00:00:39 . Memory (MB): peak = 753.930 ; gain = 461.832
---------------------------------------------------------------------------------
---------------------------------------------------------------------------------
Start Renaming Generated Ports
---------------------------------------------------------------------------------
---------------------------------------------------------------------------------
Finished Renaming Generated Ports : Time (s): cpu = 00:00:37 ; elapsed = 00:00:39 . Memory (MB): peak = 753.930 ; gain = 461.832
---------------------------------------------------------------------------------
---------------------------------------------------------------------------------
Start Handling Custom Attributes
---------------------------------------------------------------------------------
---------------------------------------------------------------------------------
Finished Handling Custom Attributes : Time (s): cpu = 00:00:37 ; elapsed = 00:00:39 . Memory (MB): peak = 753.930 ; gain = 461.832
---------------------------------------------------------------------------------
---------------------------------------------------------------------------------
Start Renaming Generated Nets
---------------------------------------------------------------------------------
---------------------------------------------------------------------------------
Finished Renaming Generated Nets : Time (s): cpu = 00:00:37 ; elapsed = 00:00:39 . Memory (MB): peak = 753.930 ; gain = 461.832
---------------------------------------------------------------------------------
---------------------------------------------------------------------------------
Start Writing Synthesis Report
---------------------------------------------------------------------------------

Report BlackBoxes: 
+-+--------------+----------+
| |BlackBox name |Instances |
+-+--------------+----------+
+-+--------------+----------+

Report Cell Usage: 
+------+-----+------+
|      |Cell |Count |
+------+-----+------+
|1     |LUT2 |     1|
|2     |FDRE |    12|
+------+-----+------+

Report Instance Areas: 
+------+-----------------+---------------------+------+
|      |Instance         |Module               |Cells |
+------+-----------------+---------------------+------+
|1     |top              |                     |    13|
|2     |  U0             |storage_wrapper      |    13|
|3     |    storage_i    |storage              |    13|
|4     |      xup_and2_0 |storage_xup_and2_0_0 |     1|
|5     |      xup_dff_0  |storage_xup_dff_0_0  |     1|
|6     |        inst     |xup_dff_10           |     1|
|7     |      xup_dff_1  |storage_xup_dff_0_1  |     1|
|8     |        inst     |xup_dff_9            |     1|
|9     |      xup_dff_10 |storage_xup_dff_0_10 |     1|
|10    |        inst     |xup_dff_8            |     1|
|11    |      xup_dff_11 |storage_xup_dff_0_11 |     1|
|12    |        inst     |xup_dff_7            |     1|
|13    |      xup_dff_2  |storage_xup_dff_0_2  |     1|
|14    |        inst     |xup_dff_6            |     1|
|15    |      xup_dff_3  |storage_xup_dff_0_3  |     1|
|16    |        inst     |xup_dff_5            |     1|
|17    |      xup_dff_4  |storage_xup_dff_0_4  |     1|
|18    |        inst     |xup_dff_4            |     1|
|19    |      xup_dff_5  |storage_xup_dff_0_5  |     1|
|20    |        inst     |xup_dff_3            |     1|
|21    |      xup_dff_6  |storage_xup_dff_0_6  |     1|
|22    |        inst     |xup_dff_2            |     1|
|23    |      xup_dff_7  |storage_xup_dff_0_7  |     1|
|24    |        inst     |xup_dff_1            |     1|
|25    |      xup_dff_8  |storage_xup_dff_0_8  |     1|
|26    |        inst     |xup_dff_0            |     1|
|27    |      xup_dff_9  |storage_xup_dff_0_9  |     1|
|28    |        inst     |xup_dff              |     1|
+------+-----------------+---------------------+------+
---------------------------------------------------------------------------------
Finished Writing Synthesis Report : Time (s): cpu = 00:00:37 ; elapsed = 00:00:39 . Memory (MB): peak = 753.930 ; gain = 461.832
---------------------------------------------------------------------------------
Synthesis finished with 0 errors, 0 critical warnings and 0 warnings.
Synthesis Optimization Runtime : Time (s): cpu = 00:00:21 ; elapsed = 00:00:31 . Memory (MB): peak = 753.934 ; gain = 164.078
Synthesis Optimization Complete : Time (s): cpu = 00:00:37 ; elapsed = 00:00:40 . Memory (MB): peak = 753.934 ; gain = 461.836
INFO: [Project 1-571] Translating synthesized netlist
INFO: [Project 1-570] Preparing netlist for logic optimization
INFO: [Opt 31-138] Pushed 0 inverter(s) to 0 load pin(s).
INFO: [Project 1-111] Unisim Transformation Summary:
No Unisim elements were transformed.

INFO: [Common 17-83] Releasing license: Synthesis
60 Infos, 0 Warnings, 0 Critical Warnings and 0 Errors encountered.
synth_design completed successfully
synth_design: Time (s): cpu = 00:00:39 ; elapsed = 00:00:42 . Memory (MB): peak = 777.676 ; gain = 497.047
INFO: [Common 17-1381] The checkpoint 'C:/Users/Kerem Gurler/EE_Project/EE_Project.runs/design_main_storage_wrapper_0_0_synth_1/design_main_storage_wrapper_0_0.dcp' has been generated.
INFO: [Coretcl 2-1482] Added synthesis output to IP cache for IP c:/Users/Kerem Gurler/EE_Project/EE_Project.srcs/sources_1/bd/design_main/ip/design_main_storage_wrapper_0_0/design_main_storage_wrapper_0_0.xci
INFO: [Coretcl 2-1174] Renamed 27 cell refs.
INFO: [Common 17-1381] The checkpoint 'C:/Users/Kerem Gurler/EE_Project/EE_Project.runs/design_main_storage_wrapper_0_0_synth_1/design_main_storage_wrapper_0_0.dcp' has been generated.
INFO: [runtcl-4] Executing : report_utilization -file design_main_storage_wrapper_0_0_utilization_synth.rpt -pb design_main_storage_wrapper_0_0_utilization_synth.pb
report_utilization: Time (s): cpu = 00:00:00 ; elapsed = 00:00:00.030 . Memory (MB): peak = 781.969 ; gain = 0.000
INFO: [Common 17-206] Exiting Vivado at Mon Dec 24 23:45:01 2018...
